<?xml version="1.0" encoding="UTF-8"?>
<testng-results skipped="0" failed="0" ignored="0" total="1" passed="1">
  <reporter-output>
  </reporter-output>
  <suite name="Default suite" duration-ms="15429" started-at="2019-01-16T13:33:33Z" finished-at="2019-01-16T13:33:49Z">
    <groups>
    </groups>
    <test name="Default test" duration-ms="15429" started-at="2019-01-16T13:33:33Z" finished-at="2019-01-16T13:33:49Z">
      <class name="SimpleProgram.GitLabCI$G3PhantomJS">
        <test-method status="PASS" signature="PhantomJS()[pri:0, instance:SimpleProgram.GitLabCI$G3PhantomJS@6950e31]" name="PhantomJS" duration-ms="15406" started-at="2019-01-16T19:03:33Z" finished-at="2019-01-16T19:03:49Z">
          <reporter-output>
          </reporter-output>
        </test-method> <!-- PhantomJS -->
      </class> <!-- SimpleProgram.GitLabCI$G3PhantomJS -->
    </test> <!-- Default test -->
  </suite> <!-- Default suite -->
</testng-results>
